<?xml version="1.0" encoding="UTF-8"?>
<!-- Generated by org.testng.reporters.JUnitXMLReporter -->
<testsuite ignored="1" hostname="vishnu" failures="0" tests="7" name="First Test" time="2.889" errors="0" timestamp="2023-07-17T14:19:19 IST">
  <testcase classname="com.myproject.testpack.TestClass" name="homepagelogin" time="0.28"/>
  <testcase classname="com.myproject.testpack.TestClass" name="productselection" time="0.063"/>
  <testcase classname="com.myproject.testpack.TestClass" name="itempage" time="0.145"/>
  <testcase classname="com.myproject.testpack.TestClass" name="cart" time="0.088"/>
  <testcase classname="com.myproject.testpack.TestClass" name="yourinfo" time="0.244"/>
  <testcase classname="com.myproject.testpack.TestClass" name="prfinalpage" time="0.057"/>
  <testcase classname="com.myproject.testpack.TestClass" name="finalconfirmation" time="0.066"/>
  <testcase classname="com.myproject.testpack.TestClass" name="returnhomepage" time="0.0">
    <ignored/>
  </testcase> <!-- returnhomepage -->
</testsuite> <!-- First Test -->
