<?xml version="1.0" encoding="UTF-8"?>
<!-- Generated by org.testng.reporters.JUnitXMLReporter -->
<testsuite ignored="0" hostname="vishnu" failures="0" tests="8" name="Default test" time="3.114" errors="0" timestamp="2023-07-17T12:57:39 IST">
  <testcase classname="com.myproject.testpack.TestClass" name="homepagelogin" time="0.252"/>
  <testcase classname="com.myproject.testpack.TestClass" name="productselection" time="0.053"/>
  <testcase classname="com.myproject.testpack.TestClass" name="itempage" time="0.164"/>
  <testcase classname="com.myproject.testpack.TestClass" name="cart" time="0.09"/>
  <testcase classname="com.myproject.testpack.TestClass" name="yourinfo" time="0.234"/>
  <testcase classname="com.myproject.testpack.TestClass" name="prfinalpage" time="0.063"/>
  <testcase classname="com.myproject.testpack.TestClass" name="finalconfirmation" time="0.068"/>
  <testcase classname="com.myproject.testpack.TestClass" name="returnhomepage" time="0.031"/>
</testsuite> <!-- Default test -->
